<?xml version="1.0" encoding="UTF-8"?>
<!-- Generated by org.testng.reporters.JUnitXMLReporter -->
<testsuite ignored="1" hostname="MazharHP" failures="1" tests="1" name="Opencart Test" time="0.11" errors="0" timestamp="2025-11-07T15:12:39 GMT">
  <testcase classname="testCases.TC001_validateAccountRegistration" name="testRegistration" time="0.024">
    <failure type="java.lang.NullPointerException" message="Cannot invoke &amp;quot;org.apache.logging.log4j.Logger.info(String)&amp;quot; because &amp;quot;this.logger&amp;quot; is null">
      <![CDATA[java.lang.NullPointerException: Cannot invoke "org.apache.logging.log4j.Logger.info(String)" because "this.logger" is null
at testCases.TC001_validateAccountRegistration.testRegistration(TC001_validateAccountRegistration.java:15)
at java.base/java.util.ArrayList.forEach(ArrayList.java:1596)
... Removed 25 stack frames]]>
    </failure>
  </testcase> <!-- testRegistration -->
  <testcase classname="testCases.TC002_LoginTest" name="verify_Login" time="0.0">
    <ignored/>
  </testcase> <!-- verify_Login -->
</testsuite> <!-- Opencart Test -->
