<?xml version="1.0" encoding="UTF-8"?>
<!-- Generated by org.testng.reporters.JUnitXMLReporter -->
<testsuite ignored="0" hostname="MazharHP" failures="0" tests="2" name="Linux Firefox" time="0.029" errors="0" timestamp="2025-11-10T14:52:01 GMT">
  <testcase classname="testCases.TC001_validateAccountRegistration" name="testRegistration" time="0.0">
    <skipped/>
  </testcase> <!-- testRegistration -->
  <testcase classname="testCases.TC002_LoginTest" name="verify_Login" time="0.0">
    <skipped/>
  </testcase> <!-- verify_Login -->
</testsuite> <!-- Linux Firefox -->
