<?xml version="1.0" encoding="UTF-8"?>
<testng-results ignored="0" total="4" passed="4" failed="0" skipped="0">
  <reporter-output>
  </reporter-output>
  <suite started-at="2025-11-11T11:49:09 GMT" name="Suite" finished-at="2025-11-11T11:49:48 GMT" duration-ms="38970">
    <groups>
      <group name="Master">
        <method signature="TC001_validateAccountRegistration.testRegistration()[pri:0, instance:testCases.TC001_validateAccountRegistration@598bd2ba]" name="testRegistration" class="testCases.TC001_validateAccountRegistration"/>
        <method signature="TC002_LoginTest.verify_Login()[pri:0, instance:testCases.TC002_LoginTest@63fbfaeb]" name="verify_Login" class="testCases.TC002_LoginTest"/>
        <method signature="TC001_validateAccountRegistration.testRegistration()[pri:0, instance:testCases.TC001_validateAccountRegistration@2f16c6b3]" name="testRegistration" class="testCases.TC001_validateAccountRegistration"/>
        <method signature="TC002_LoginTest.verify_Login()[pri:0, instance:testCases.TC002_LoginTest@34158c08]" name="verify_Login" class="testCases.TC002_LoginTest"/>
      </group> <!-- Master -->
      <group name="Sanity">
        <method signature="TC002_LoginTest.verify_Login()[pri:0, instance:testCases.TC002_LoginTest@63fbfaeb]" name="verify_Login" class="testCases.TC002_LoginTest"/>
        <method signature="TC002_LoginTest.verify_Login()[pri:0, instance:testCases.TC002_LoginTest@34158c08]" name="verify_Login" class="testCases.TC002_LoginTest"/>
      </group> <!-- Sanity -->
      <group name="Regression">
        <method signature="TC001_validateAccountRegistration.testRegistration()[pri:0, instance:testCases.TC001_validateAccountRegistration@598bd2ba]" name="testRegistration" class="testCases.TC001_validateAccountRegistration"/>
        <method signature="TC001_validateAccountRegistration.testRegistration()[pri:0, instance:testCases.TC001_validateAccountRegistration@2f16c6b3]" name="testRegistration" class="testCases.TC001_validateAccountRegistration"/>
      </group> <!-- Regression -->
    </groups>
    <test started-at="2025-11-11T11:49:09 GMT" name="Linux Chrome" finished-at="2025-11-11T11:49:24 GMT" duration-ms="15305">
      <class name="testCases.TC002_LoginTest">
        <test-method is-config="true" signature="setup(java.lang.String,java.lang.String)[pri:0, instance:testCases.TC002_LoginTest@63fbfaeb]" started-at="2025-11-11T11:49:19 GMT" name="setup" finished-at="2025-11-11T11:49:22 GMT" duration-ms="2948" status="PASS">
          <params>
            <param index="0">
              <value>
                <![CDATA[Linux]]>
              </value>
            </param>
            <param index="1">
              <value>
                <![CDATA[Chrome]]>
              </value>
            </param>
          </params>
          <reporter-output>
          </reporter-output>
        </test-method> <!-- setup -->
        <test-method signature="verify_Login()[pri:0, instance:testCases.TC002_LoginTest@63fbfaeb]" started-at="2025-11-11T11:49:22 GMT" name="verify_Login" finished-at="2025-11-11T11:49:24 GMT" duration-ms="2437" status="PASS">
          <reporter-output>
          </reporter-output>
        </test-method> <!-- verify_Login -->
        <test-method is-config="true" signature="tearDown()[pri:0, instance:testCases.TC002_LoginTest@63fbfaeb]" started-at="2025-11-11T11:49:24 GMT" name="tearDown" finished-at="2025-11-11T11:49:24 GMT" duration-ms="101" status="PASS">
          <reporter-output>
          </reporter-output>
        </test-method> <!-- tearDown -->
      </class> <!-- testCases.TC002_LoginTest -->
      <class name="testCases.TC001_validateAccountRegistration">
        <test-method is-config="true" signature="setup(java.lang.String,java.lang.String)[pri:0, instance:testCases.TC001_validateAccountRegistration@598bd2ba]" started-at="2025-11-11T11:49:09 GMT" name="setup" finished-at="2025-11-11T11:49:15 GMT" duration-ms="5602" status="PASS">
          <params>
            <param index="0">
              <value>
                <![CDATA[Linux]]>
              </value>
            </param>
            <param index="1">
              <value>
                <![CDATA[Chrome]]>
              </value>
            </param>
          </params>
          <reporter-output>
          </reporter-output>
        </test-method> <!-- setup -->
        <test-method signature="testRegistration()[pri:0, instance:testCases.TC001_validateAccountRegistration@598bd2ba]" started-at="2025-11-11T11:49:15 GMT" name="testRegistration" finished-at="2025-11-11T11:49:19 GMT" duration-ms="3748" status="PASS">
          <reporter-output>
          </reporter-output>
        </test-method> <!-- testRegistration -->
        <test-method is-config="true" signature="tearDown()[pri:0, instance:testCases.TC001_validateAccountRegistration@598bd2ba]" started-at="2025-11-11T11:49:19 GMT" name="tearDown" finished-at="2025-11-11T11:49:19 GMT" duration-ms="152" status="PASS">
          <reporter-output>
          </reporter-output>
        </test-method> <!-- tearDown -->
      </class> <!-- testCases.TC001_validateAccountRegistration -->
    </test> <!-- Linux Chrome -->
    <test started-at="2025-11-11T11:49:28 GMT" name="Linux Firefox" finished-at="2025-11-11T11:49:48 GMT" duration-ms="19570">
      <class name="testCases.TC002_LoginTest">
        <test-method is-config="true" signature="setup(java.lang.String,java.lang.String)[pri:0, instance:testCases.TC002_LoginTest@34158c08]" started-at="2025-11-11T11:49:41 GMT" name="setup" finished-at="2025-11-11T11:49:45 GMT" duration-ms="4073" status="PASS">
          <params>
            <param index="0">
              <value>
                <![CDATA[Linux]]>
              </value>
            </param>
            <param index="1">
              <value>
                <![CDATA[firefox]]>
              </value>
            </param>
          </params>
          <reporter-output>
          </reporter-output>
        </test-method> <!-- setup -->
        <test-method signature="verify_Login()[pri:0, instance:testCases.TC002_LoginTest@34158c08]" started-at="2025-11-11T11:49:45 GMT" name="verify_Login" finished-at="2025-11-11T11:49:47 GMT" duration-ms="2179" status="PASS">
          <reporter-output>
          </reporter-output>
        </test-method> <!-- verify_Login -->
        <test-method is-config="true" signature="tearDown()[pri:0, instance:testCases.TC002_LoginTest@34158c08]" started-at="2025-11-11T11:49:47 GMT" name="tearDown" finished-at="2025-11-11T11:49:48 GMT" duration-ms="1017" status="PASS">
          <reporter-output>
          </reporter-output>
        </test-method> <!-- tearDown -->
      </class> <!-- testCases.TC002_LoginTest -->
      <class name="testCases.TC001_validateAccountRegistration">
        <test-method is-config="true" signature="setup(java.lang.String,java.lang.String)[pri:0, instance:testCases.TC001_validateAccountRegistration@2f16c6b3]" started-at="2025-11-11T11:49:28 GMT" name="setup" finished-at="2025-11-11T11:49:37 GMT" duration-ms="8642" status="PASS">
          <params>
            <param index="0">
              <value>
                <![CDATA[Linux]]>
              </value>
            </param>
            <param index="1">
              <value>
                <![CDATA[firefox]]>
              </value>
            </param>
          </params>
          <reporter-output>
          </reporter-output>
        </test-method> <!-- setup -->
        <test-method signature="testRegistration()[pri:0, instance:testCases.TC001_validateAccountRegistration@2f16c6b3]" started-at="2025-11-11T11:49:37 GMT" name="testRegistration" finished-at="2025-11-11T11:49:40 GMT" duration-ms="2599" status="PASS">
          <reporter-output>
          </reporter-output>
        </test-method> <!-- testRegistration -->
        <test-method is-config="true" signature="tearDown()[pri:0, instance:testCases.TC001_validateAccountRegistration@2f16c6b3]" started-at="2025-11-11T11:49:40 GMT" name="tearDown" finished-at="2025-11-11T11:49:41 GMT" duration-ms="1047" status="PASS">
          <reporter-output>
          </reporter-output>
        </test-method> <!-- tearDown -->
      </class> <!-- testCases.TC001_validateAccountRegistration -->
    </test> <!-- Linux Firefox -->
  </suite> <!-- Suite -->
</testng-results>
