<?xml version="1.0" encoding="UTF-8"?>
<testng-results ignored="0" total="2" passed="2" failed="0" skipped="0">
  <reporter-output>
  </reporter-output>
  <suite started-at="2025-11-11T07:37:36 GMT" name="Suite" finished-at="2025-11-11T07:38:02 GMT" duration-ms="26238">
    <groups>
      <group name="Master">
        <method signature="TC001_validateAccountRegistration.testRegistration()[pri:0, instance:testCases.TC001_validateAccountRegistration@598bd2ba]" name="testRegistration" class="testCases.TC001_validateAccountRegistration"/>
        <method signature="TC002_LoginTest.verify_Login()[pri:0, instance:testCases.TC002_LoginTest@63fbfaeb]" name="verify_Login" class="testCases.TC002_LoginTest"/>
      </group> <!-- Master -->
      <group name="Sanity">
        <method signature="TC002_LoginTest.verify_Login()[pri:0, instance:testCases.TC002_LoginTest@63fbfaeb]" name="verify_Login" class="testCases.TC002_LoginTest"/>
      </group> <!-- Sanity -->
      <group name="Regression">
        <method signature="TC001_validateAccountRegistration.testRegistration()[pri:0, instance:testCases.TC001_validateAccountRegistration@598bd2ba]" name="testRegistration" class="testCases.TC001_validateAccountRegistration"/>
      </group> <!-- Regression -->
    </groups>
    <test started-at="2025-11-11T07:37:36 GMT" name="Test" finished-at="2025-11-11T07:38:02 GMT" duration-ms="26238">
      <class name="testCases.TC002_LoginTest">
        <test-method is-config="true" signature="setup(java.lang.String,java.lang.String)[pri:0, instance:testCases.TC002_LoginTest@63fbfaeb]" started-at="2025-11-11T07:37:51 GMT" name="setup" finished-at="2025-11-11T07:37:56 GMT" duration-ms="4955" status="PASS">
          <params>
            <param index="0">
              <value>
                <![CDATA[Windows]]>
              </value>
            </param>
            <param index="1">
              <value>
                <![CDATA[Chrome]]>
              </value>
            </param>
          </params>
          <reporter-output>
          </reporter-output>
        </test-method> <!-- setup -->
        <test-method signature="verify_Login()[pri:0, instance:testCases.TC002_LoginTest@63fbfaeb]" started-at="2025-11-11T07:37:56 GMT" name="verify_Login" finished-at="2025-11-11T07:38:02 GMT" duration-ms="6043" status="PASS">
          <reporter-output>
          </reporter-output>
        </test-method> <!-- verify_Login -->
        <test-method is-config="true" signature="tearDown()[pri:0, instance:testCases.TC002_LoginTest@63fbfaeb]" started-at="2025-11-11T07:38:02 GMT" name="tearDown" finished-at="2025-11-11T07:38:02 GMT" duration-ms="469" status="PASS">
          <reporter-output>
          </reporter-output>
        </test-method> <!-- tearDown -->
      </class> <!-- testCases.TC002_LoginTest -->
      <class name="testCases.TC001_validateAccountRegistration">
        <test-method is-config="true" signature="setup(java.lang.String,java.lang.String)[pri:0, instance:testCases.TC001_validateAccountRegistration@598bd2ba]" started-at="2025-11-11T07:37:37 GMT" name="setup" finished-at="2025-11-11T07:37:43 GMT" duration-ms="6424" status="PASS">
          <params>
            <param index="0">
              <value>
                <![CDATA[Windows]]>
              </value>
            </param>
            <param index="1">
              <value>
                <![CDATA[Chrome]]>
              </value>
            </param>
          </params>
          <reporter-output>
          </reporter-output>
        </test-method> <!-- setup -->
        <test-method signature="testRegistration()[pri:0, instance:testCases.TC001_validateAccountRegistration@598bd2ba]" started-at="2025-11-11T07:37:43 GMT" name="testRegistration" finished-at="2025-11-11T07:37:50 GMT" duration-ms="7034" status="PASS">
          <reporter-output>
          </reporter-output>
        </test-method> <!-- testRegistration -->
        <test-method is-config="true" signature="tearDown()[pri:0, instance:testCases.TC001_validateAccountRegistration@598bd2ba]" started-at="2025-11-11T07:37:50 GMT" name="tearDown" finished-at="2025-11-11T07:37:51 GMT" duration-ms="613" status="PASS">
          <reporter-output>
          </reporter-output>
        </test-method> <!-- tearDown -->
      </class> <!-- testCases.TC001_validateAccountRegistration -->
    </test> <!-- Test -->
  </suite> <!-- Suite -->
</testng-results>
