<?xml version="1.0" encoding="UTF-8"?>
<testng-results ignored="0" total="1" passed="1" failed="0" skipped="0">
  <reporter-output>
  </reporter-output>
  <suite started-at="2025-11-22T07:13:35 GMT" name="Suite" finished-at="2025-11-22T07:13:47 GMT" duration-ms="11064">
    <groups>
      <group name="Sanity">
        <method signature="TC005_SelectProduct.selectProduct()[pri:0, instance:testCases.TC005_SelectProduct@1623134f]" name="selectProduct" class="testCases.TC005_SelectProduct"/>
      </group> <!-- Sanity -->
    </groups>
    <test started-at="2025-11-22T07:13:35 GMT" name="Test" finished-at="2025-11-22T07:13:47 GMT" duration-ms="11064">
      <class name="testCases.TC005_SelectProduct">
        <test-method is-config="true" signature="setup(java.lang.String,java.lang.String)[pri:0, instance:testCases.TC005_SelectProduct@1623134f]" started-at="2025-11-22T07:13:36 GMT" name="setup" finished-at="2025-11-22T07:13:41 GMT" duration-ms="4945" status="PASS">
          <params>
            <param index="0">
              <value>
                <![CDATA[Windows]]>
              </value>
            </param>
            <param index="1">
              <value>
                <![CDATA[Chrome]]>
              </value>
            </param>
          </params>
          <reporter-output>
          </reporter-output>
        </test-method> <!-- setup -->
        <test-method signature="selectProduct()[pri:0, instance:testCases.TC005_SelectProduct@1623134f]" started-at="2025-11-22T07:13:41 GMT" name="selectProduct" finished-at="2025-11-22T07:13:46 GMT" duration-ms="5220" status="PASS">
          <reporter-output>
          </reporter-output>
        </test-method> <!-- selectProduct -->
        <test-method is-config="true" signature="tearDown()[pri:0, instance:testCases.TC005_SelectProduct@1623134f]" started-at="2025-11-22T07:13:46 GMT" name="tearDown" finished-at="2025-11-22T07:13:47 GMT" duration-ms="379" status="PASS">
          <reporter-output>
          </reporter-output>
        </test-method> <!-- tearDown -->
      </class> <!-- testCases.TC005_SelectProduct -->
    </test> <!-- Test -->
  </suite> <!-- Suite -->
</testng-results>
