<?xml version="1.0" encoding="UTF-8"?>
<testng-results ignored="0" total="4" passed="4" failed="0" skipped="0">
  <reporter-output>
  </reporter-output>
  <suite started-at="2025-11-11T08:13:18 GMT" name="Suite" finished-at="2025-11-11T08:14:01 GMT" duration-ms="43052">
    <groups>
      <group name="Master">
        <method signature="TC001_validateAccountRegistration.testRegistration()[pri:0, instance:testCases.TC001_validateAccountRegistration@5b04476e]" name="testRegistration" class="testCases.TC001_validateAccountRegistration"/>
        <method signature="TC002_LoginTest.verify_Login()[pri:0, instance:testCases.TC002_LoginTest@76f7d241]" name="verify_Login" class="testCases.TC002_LoginTest"/>
        <method signature="TC001_validateAccountRegistration.testRegistration()[pri:0, instance:testCases.TC001_validateAccountRegistration@65a4798f]" name="testRegistration" class="testCases.TC001_validateAccountRegistration"/>
        <method signature="TC002_LoginTest.verify_Login()[pri:0, instance:testCases.TC002_LoginTest@773f7880]" name="verify_Login" class="testCases.TC002_LoginTest"/>
      </group> <!-- Master -->
      <group name="Sanity">
        <method signature="TC002_LoginTest.verify_Login()[pri:0, instance:testCases.TC002_LoginTest@76f7d241]" name="verify_Login" class="testCases.TC002_LoginTest"/>
        <method signature="TC002_LoginTest.verify_Login()[pri:0, instance:testCases.TC002_LoginTest@773f7880]" name="verify_Login" class="testCases.TC002_LoginTest"/>
      </group> <!-- Sanity -->
      <group name="Regression">
        <method signature="TC001_validateAccountRegistration.testRegistration()[pri:0, instance:testCases.TC001_validateAccountRegistration@5b04476e]" name="testRegistration" class="testCases.TC001_validateAccountRegistration"/>
        <method signature="TC001_validateAccountRegistration.testRegistration()[pri:0, instance:testCases.TC001_validateAccountRegistration@65a4798f]" name="testRegistration" class="testCases.TC001_validateAccountRegistration"/>
      </group> <!-- Regression -->
    </groups>
    <test started-at="2025-11-11T08:13:18 GMT" name="Windows Chrome" finished-at="2025-11-11T08:13:38 GMT" duration-ms="19846">
      <class name="testCases.TC002_LoginTest">
        <test-method is-config="true" signature="setup(java.lang.String,java.lang.String)[pri:0, instance:testCases.TC002_LoginTest@76f7d241]" started-at="2025-11-11T08:13:32 GMT" name="setup" finished-at="2025-11-11T08:13:35 GMT" duration-ms="3576" status="PASS">
          <params>
            <param index="0">
              <value>
                <![CDATA[windows]]>
              </value>
            </param>
            <param index="1">
              <value>
                <![CDATA[Chrome]]>
              </value>
            </param>
          </params>
          <reporter-output>
          </reporter-output>
        </test-method> <!-- setup -->
        <test-method signature="verify_Login()[pri:0, instance:testCases.TC002_LoginTest@76f7d241]" started-at="2025-11-11T08:13:35 GMT" name="verify_Login" finished-at="2025-11-11T08:13:37 GMT" duration-ms="2034" status="PASS">
          <reporter-output>
          </reporter-output>
        </test-method> <!-- verify_Login -->
        <test-method is-config="true" signature="tearDown()[pri:0, instance:testCases.TC002_LoginTest@76f7d241]" started-at="2025-11-11T08:13:37 GMT" name="tearDown" finished-at="2025-11-11T08:13:38 GMT" duration-ms="311" status="PASS">
          <reporter-output>
          </reporter-output>
        </test-method> <!-- tearDown -->
      </class> <!-- testCases.TC002_LoginTest -->
      <class name="testCases.TC001_validateAccountRegistration">
        <test-method is-config="true" signature="setup(java.lang.String,java.lang.String)[pri:0, instance:testCases.TC001_validateAccountRegistration@5b04476e]" started-at="2025-11-11T08:13:18 GMT" name="setup" finished-at="2025-11-11T08:13:25 GMT" duration-ms="7142" status="PASS">
          <params>
            <param index="0">
              <value>
                <![CDATA[windows]]>
              </value>
            </param>
            <param index="1">
              <value>
                <![CDATA[Chrome]]>
              </value>
            </param>
          </params>
          <reporter-output>
          </reporter-output>
        </test-method> <!-- setup -->
        <test-method signature="testRegistration()[pri:0, instance:testCases.TC001_validateAccountRegistration@5b04476e]" started-at="2025-11-11T08:13:25 GMT" name="testRegistration" finished-at="2025-11-11T08:13:31 GMT" duration-ms="6013" status="PASS">
          <reporter-output>
          </reporter-output>
        </test-method> <!-- testRegistration -->
        <test-method is-config="true" signature="tearDown()[pri:0, instance:testCases.TC001_validateAccountRegistration@5b04476e]" started-at="2025-11-11T08:13:31 GMT" name="tearDown" finished-at="2025-11-11T08:13:32 GMT" duration-ms="373" status="PASS">
          <reporter-output>
          </reporter-output>
        </test-method> <!-- tearDown -->
      </class> <!-- testCases.TC001_validateAccountRegistration -->
    </test> <!-- Windows Chrome -->
    <test started-at="2025-11-11T08:13:40 GMT" name="Windows Edge" finished-at="2025-11-11T08:14:01 GMT" duration-ms="21160">
      <class name="testCases.TC002_LoginTest">
        <test-method is-config="true" signature="setup(java.lang.String,java.lang.String)[pri:0, instance:testCases.TC002_LoginTest@773f7880]" started-at="2025-11-11T08:13:54 GMT" name="setup" finished-at="2025-11-11T08:13:58 GMT" duration-ms="3496" status="PASS">
          <params>
            <param index="0">
              <value>
                <![CDATA[Windows]]>
              </value>
            </param>
            <param index="1">
              <value>
                <![CDATA[Edge]]>
              </value>
            </param>
          </params>
          <reporter-output>
          </reporter-output>
        </test-method> <!-- setup -->
        <test-method signature="verify_Login()[pri:0, instance:testCases.TC002_LoginTest@773f7880]" started-at="2025-11-11T08:13:58 GMT" name="verify_Login" finished-at="2025-11-11T08:14:00 GMT" duration-ms="2700" status="PASS">
          <reporter-output>
          </reporter-output>
        </test-method> <!-- verify_Login -->
        <test-method is-config="true" signature="tearDown()[pri:0, instance:testCases.TC002_LoginTest@773f7880]" started-at="2025-11-11T08:14:00 GMT" name="tearDown" finished-at="2025-11-11T08:14:01 GMT" duration-ms="348" status="PASS">
          <reporter-output>
          </reporter-output>
        </test-method> <!-- tearDown -->
      </class> <!-- testCases.TC002_LoginTest -->
      <class name="testCases.TC001_validateAccountRegistration">
        <test-method is-config="true" signature="setup(java.lang.String,java.lang.String)[pri:0, instance:testCases.TC001_validateAccountRegistration@65a4798f]" started-at="2025-11-11T08:13:40 GMT" name="setup" finished-at="2025-11-11T08:13:49 GMT" duration-ms="9678" status="PASS">
          <params>
            <param index="0">
              <value>
                <![CDATA[Windows]]>
              </value>
            </param>
            <param index="1">
              <value>
                <![CDATA[Edge]]>
              </value>
            </param>
          </params>
          <reporter-output>
          </reporter-output>
        </test-method> <!-- setup -->
        <test-method signature="testRegistration()[pri:0, instance:testCases.TC001_validateAccountRegistration@65a4798f]" started-at="2025-11-11T08:13:49 GMT" name="testRegistration" finished-at="2025-11-11T08:13:54 GMT" duration-ms="4497" status="PASS">
          <reporter-output>
          </reporter-output>
        </test-method> <!-- testRegistration -->
        <test-method is-config="true" signature="tearDown()[pri:0, instance:testCases.TC001_validateAccountRegistration@65a4798f]" started-at="2025-11-11T08:13:54 GMT" name="tearDown" finished-at="2025-11-11T08:13:54 GMT" duration-ms="419" status="PASS">
          <reporter-output>
          </reporter-output>
        </test-method> <!-- tearDown -->
      </class> <!-- testCases.TC001_validateAccountRegistration -->
    </test> <!-- Windows Edge -->
  </suite> <!-- Suite -->
</testng-results>
