<?xml version="1.0" encoding="UTF-8"?>
<!-- Generated by org.testng.reporters.JUnitReportReporter -->
<testsuite hostname="MazharHP" failures="0" tests="6" name="testCases.TC003_LoginDDT" time="38.896" errors="0" timestamp="2025-11-07T15:10:26 GMT" skipped="0">
  <testcase classname="testCases.TC003_LoginDDT" name="verify_loginDDT" time="2.351"/>
  <testcase classname="testCases.TC003_LoginDDT" name="verify_loginDDT" time="11.910"/>
  <testcase classname="testCases.TC003_LoginDDT" name="verify_loginDDT" time="7.997"/>
  <testcase classname="testCases.TC003_LoginDDT" name="verify_loginDDT" time="2.852"/>
  <testcase classname="testCases.TC003_LoginDDT" name="verify_loginDDT" time="2.338"/>
  <testcase classname="testCases.TC003_LoginDDT" name="verify_loginDDT" time="11.448"/>
</testsuite> <!-- testCases.TC003_LoginDDT -->
