<?xml version="1.0" encoding="UTF-8"?>
<!-- Generated by org.testng.reporters.JUnitReportReporter -->
<testsuite hostname="MazharHP" failures="0" tests="2" name="testCases.TC001_validateAccountRegistration" time="10.510" errors="0" timestamp="2025-11-11T08:14:02 GMT" skipped="0">
  <testcase classname="testCases.TC001_validateAccountRegistration" name="testRegistration" time="4.497"/>
  <testcase classname="testCases.TC001_validateAccountRegistration" name="testRegistration" time="6.013"/>
</testsuite> <!-- testCases.TC001_validateAccountRegistration -->
