<?xml version="1.0" encoding="UTF-8"?>
<!-- Generated by org.testng.reporters.JUnitReportReporter -->
<testsuite hostname="MazharHP" failures="0" tests="2" name="testCases.TC001_validateAccountRegistration" time="6.475" errors="0" timestamp="2025-11-11T10:48:53 GMT" skipped="0">
  <testcase classname="testCases.TC001_validateAccountRegistration" name="testRegistration" time="3.600"/>
  <testcase classname="testCases.TC001_validateAccountRegistration" name="testRegistration" time="2.875"/>
</testsuite> <!-- testCases.TC001_validateAccountRegistration -->
