<?xml version="1.0" encoding="UTF-8"?>
<!-- Generated by org.testng.reporters.JUnitReportReporter -->
<testsuite hostname="MazharHP" failures="0" tests="2" name="testCases.TC001_validateAccountRegistration" time="5.309" errors="0" timestamp="2025-11-10T14:33:26 GMT" skipped="0">
  <testcase classname="testCases.TC001_validateAccountRegistration" name="testRegistration" time="2.379"/>
  <testcase classname="testCases.TC001_validateAccountRegistration" name="testRegistration" time="2.930"/>
</testsuite> <!-- testCases.TC001_validateAccountRegistration -->
